<?xml version="1.0" encoding="UTF-8"?>
<testng-results skipped="0" failed="0" ignored="0" total="1" passed="1">
  <reporter-output>
  </reporter-output>
  <suite name="Default suite" duration-ms="63204" started-at="2019-12-03T16:04:37 EST" finished-at="2019-12-03T16:05:40 EST">
    <groups>
    </groups>
    <test name="Default test" duration-ms="63204" started-at="2019-12-03T16:04:37 EST" finished-at="2019-12-03T16:05:40 EST">
      <class name="com.training.sanity.tests.LogTc8">
        <test-method status="PASS" signature="setUpBeforeClass()[pri:0, instance:com.training.sanity.tests.LogTc8@3d99d22e]" name="setUpBeforeClass" is-config="true" duration-ms="16" started-at="2019-12-03T16:04:37 EST" finished-at="2019-12-03T16:04:37 EST">
          <reporter-output>
          </reporter-output>
        </test-method> <!-- setUpBeforeClass -->
        <test-method status="PASS" signature="setUp()[pri:0, instance:com.training.sanity.tests.LogTc8@3d99d22e]" name="setUp" is-config="true" duration-ms="46344" started-at="2019-12-03T16:04:37 EST" finished-at="2019-12-03T16:05:23 EST">
          <reporter-output>
          </reporter-output>
        </test-method> <!-- setUp -->
        <test-method status="PASS" signature="validLoginTest()[pri:0, instance:com.training.sanity.tests.LogTc8@3d99d22e]" name="validLoginTest" duration-ms="15802" started-at="2019-12-03T16:05:23 EST" finished-at="2019-12-03T16:05:39 EST">
          <reporter-output>
          </reporter-output>
        </test-method> <!-- validLoginTest -->
        <test-method status="PASS" signature="tearDown()[pri:0, instance:com.training.sanity.tests.LogTc8@3d99d22e]" name="tearDown" is-config="true" duration-ms="1001" started-at="2019-12-03T16:05:39 EST" finished-at="2019-12-03T16:05:40 EST">
          <reporter-output>
          </reporter-output>
        </test-method> <!-- tearDown -->
      </class> <!-- com.training.sanity.tests.LogTc8 -->
    </test> <!-- Default test -->
  </suite> <!-- Default suite -->
</testng-results>
